[debug] [2021-08-01T20:12:47.704Z] ----------------------------------------------------------------------
[debug] [2021-08-01T20:12:47.706Z] Command:       C:\Program Files\nodejs\node.exe C:\Users\liamr\AppData\Roaming\npm\node_modules\firebase-tools\lib\bin\firebase.js init hosting
[debug] [2021-08-01T20:12:47.706Z] CLI Version:   9.16.0
[debug] [2021-08-01T20:12:47.706Z] Platform:      win32
[debug] [2021-08-01T20:12:47.706Z] Node Version:  v14.17.3
[debug] [2021-08-01T20:12:47.707Z] Time:          Sun Aug 01 2021 21:12:47 GMT+0100 (British Summer Time)
[debug] [2021-08-01T20:12:47.707Z] ----------------------------------------------------------------------
[debug] 
[debug] [2021-08-01T20:12:47.717Z] > command requires scopes: ["email","openid","https://www.googleapis.com/auth/cloudplatformprojects.readonly","https://www.googleapis.com/auth/firebase","https://www.googleapis.com/auth/cloud-platform"]
[debug] [2021-08-01T20:12:47.717Z] > authorizing via signed-in user (liam.rob32@gmail.com)
[info] 
     ######## #### ########  ######## ########     ###     ######  ########
     ##        ##  ##     ## ##       ##     ##  ##   ##  ##       ##
     ######    ##  ########  ######   ########  #########  ######  ######
     ##        ##  ##    ##  ##       ##     ## ##     ##       ## ##
     ##       #### ##     ## ######## ########  ##     ##  ######  ########

You're about to initialize a Firebase project in this directory:

  D:\liamr\Documents\programming\syllabary-aggregate\main-app

[info] 
=== Project Setup
[info] 
[info] First, let's associate this project directory with a Firebase project.
[info] You can create multiple project aliases by running firebase use --add, 
[info] but for now we'll just set up a default project.
[info] 
[debug] [2021-08-01T20:13:21.717Z] >>> [apiv2][query] GET https://firebase.googleapis.com/v1beta1/projects pageSize=100
[debug] [2021-08-01T20:13:22.004Z] <<< [apiv2][status] GET https://firebase.googleapis.com/v1beta1/projects 200
[debug] [2021-08-01T20:13:22.004Z] <<< [apiv2][body] GET https://firebase.googleapis.com/v1beta1/projects [omitted]
[info] i  Using project the-syllabary (The Syllabary) 
[info] 
=== Hosting Setup
[info] 
[info] Your public directory is the folder (relative to your project directory) that
[info] will contain Hosting assets to be uploaded with firebase deploy. If you
[info] have a build process for your assets, use your build's output directory.
[info] 
